Started GET "/" for 127.0.0.1 at 2018-06-26 16:16:01 -0400
Processing by WelcomeController#index as HTML
  Rendering welcome/index.html.erb within layouts/application
  Rendered welcome/index.html.erb within layouts/application (1.1ms)
Completed 200 OK in 1781ms (Views: 1710.1ms)


Started GET "/" for 127.0.0.1 at 2018-06-26 16:22:37 -0400
Processing by WelcomeController#index as HTML
  Rendering welcome/index.html.erb within layouts/application
  Rendered welcome/index.html.erb within layouts/application (0.3ms)
Completed 200 OK in 19ms (Views: 18.7ms)


Started GET "/" for 127.0.0.1 at 2018-06-26 16:23:32 -0400
Processing by WelcomeController#index as HTML
  Rendering welcome/index.html.erb within layouts/application
  Rendered welcome/index.html.erb within layouts/application (0.3ms)
Completed 200 OK in 19ms (Views: 17.9ms)


Started GET "/" for 127.0.0.1 at 2018-06-26 16:23:55 -0400
Processing by WelcomeController#index as HTML
  Rendering welcome/index.html.erb within layouts/application
  Rendered welcome/index.html.erb within layouts/application (0.2ms)
Completed 200 OK in 33ms (Views: 32.0ms)


Started GET "/" for 127.0.0.1 at 2018-06-26 16:24:24 -0400
Processing by WelcomeController#index as HTML
  Rendering welcome/index.html.erb within layouts/application
  Rendered welcome/index.html.erb within layouts/application (0.3ms)
Completed 200 OK in 26ms (Views: 25.1ms)


Started GET "/" for 127.0.0.1 at 2018-06-26 16:24:27 -0400
Processing by WelcomeController#index as HTML
  Rendering welcome/index.html.erb within layouts/application
  Rendered welcome/index.html.erb within layouts/application (0.3ms)
Completed 200 OK in 14ms (Views: 13.2ms)


Started GET "/" for 127.0.0.1 at 2018-06-26 16:25:18 -0400
Processing by WelcomeController#index as HTML
  Rendering welcome/index.html.erb within layouts/application
  Rendered welcome/index.html.erb within layouts/application (0.2ms)
Completed 200 OK in 17ms (Views: 13.1ms)


Started GET "/" for 127.0.0.1 at 2018-06-26 16:25:33 -0400
Processing by WelcomeController#index as HTML
  Rendering welcome/index.html.erb within layouts/application
  Rendered welcome/index.html.erb within layouts/application (0.4ms)
Completed 200 OK in 17ms (Views: 16.6ms)


Started GET "/" for 127.0.0.1 at 2018-06-26 16:35:34 -0400
Processing by WelcomeController#index as HTML
  Rendering welcome/index.html.erb within layouts/application
  Rendered welcome/index.html.erb within layouts/application (0.2ms)
Completed 200 OK in 15ms (Views: 14.6ms)


Started GET "/" for 127.0.0.1 at 2018-06-26 16:35:49 -0400
Processing by WelcomeController#index as HTML
  Rendering welcome/index.html.erb within layouts/application
  Rendered welcome/index.html.erb within layouts/application (0.3ms)
Completed 200 OK in 15ms (Views: 14.2ms)


Started GET "/" for 127.0.0.1 at 2018-06-26 16:36:08 -0400
Processing by WelcomeController#index as HTML
  Rendering welcome/index.html.erb within layouts/application
  Rendered welcome/index.html.erb within layouts/application (0.2ms)
Completed 200 OK in 15ms (Views: 14.8ms)


Started GET "/" for 127.0.0.1 at 2018-06-26 16:40:04 -0400
Processing by WelcomeController#index as HTML
  Rendering welcome/index.html.erb within layouts/application
  Rendered welcome/index.html.erb within layouts/application (0.2ms)
Completed 200 OK in 13ms (Views: 12.6ms)


Started GET "/" for 127.0.0.1 at 2018-06-26 16:41:51 -0400
Processing by WelcomeController#index as HTML
  Rendering welcome/index.html.erb within layouts/application
  Rendered welcome/index.html.erb within layouts/application (0.3ms)
Completed 500 Internal Server Error in 2ms


  
SyntaxError (/home/david/Bloc/blocmetrics/app/views/layouts/application.html.erb:15: syntax error, unexpected '='
...s", welcome_inddex_path, class="navbar-brand" );@output_buff...
...                              ^):
  
app/views/layouts/application.html.erb:15: syntax error, unexpected '='
Started GET "/" for 127.0.0.1 at 2018-06-26 16:42:12 -0400
Processing by WelcomeController#index as HTML
  Rendering welcome/index.html.erb within layouts/application
  Rendered welcome/index.html.erb within layouts/application (0.3ms)
Completed 500 Internal Server Error in 155ms


  
ActionView::Template::Error (undefined local variable or method `welcome_inddex_path' for #<#<Class:0x000055cb36ceb5d8>:0x00007f2e56b0e9c0>
Did you mean?  welcome_index_path
               welcome_index_url):
    12:   <body>
    13:     <div class="container">
    14:       <nav class="navbar navbar-dark bg-dark">
    15:         <%= link_to "Blocmetrics", welcome_inddex_path, class: "navbar-brand" %>
    16:       </nav>
    17:     <%= yield %>
    18:     </div>
  
app/views/layouts/application.html.erb:15:in `_app_views_layouts_application_html_erb___4041047962800818287_69918499805940'
Started GET "/" for 127.0.0.1 at 2018-06-26 16:42:25 -0400
Processing by WelcomeController#index as HTML
  Rendering welcome/index.html.erb within layouts/application
  Rendered welcome/index.html.erb within layouts/application (0.3ms)
Completed 200 OK in 15ms (Views: 14.1ms)


Started GET "/welcome/index" for 127.0.0.1 at 2018-06-26 16:42:28 -0400
Processing by WelcomeController#index as HTML
  Rendering welcome/index.html.erb within layouts/application
  Rendered welcome/index.html.erb within layouts/application (0.3ms)
Completed 200 OK in 14ms (Views: 13.8ms)


Started GET "/welcome/index" for 127.0.0.1 at 2018-06-26 16:43:57 -0400
Processing by WelcomeController#index as HTML
  Rendering welcome/index.html.erb within layouts/application
  Rendered welcome/index.html.erb within layouts/application (0.3ms)
Completed 200 OK in 748ms (Views: 746.8ms)


Started GET "/welcome/index" for 127.0.0.1 at 2018-06-26 16:44:53 -0400
Processing by WelcomeController#index as HTML
  Rendering welcome/index.html.erb within layouts/application
  Rendered welcome/index.html.erb within layouts/application (0.2ms)
Completed 500 Internal Server Error in 6ms


  
ActionView::Template::Error (Invalid CSS after "  color": expected ";", was ": white"):
     5:     <%= csrf_meta_tags %>
     6: 
     7:     <meta name="viewport" content="width=device-width, initial-scale=1">
     8:     <%= stylesheet_link_tag    'application', media: 'all', 'data-turbolinks-track': 'reload' %>
     9:     <%= javascript_include_tag 'application', 'data-turbolinks-track': 'reload' %>
    10:   </head>
    11: 
  
app/assets/stylesheets/application.scss:23
app/views/layouts/application.html.erb:8:in `_app_views_layouts_application_html_erb___4041047962800818287_69918498628880'
Started GET "/welcome/index" for 127.0.0.1 at 2018-06-26 16:45:30 -0400
Processing by WelcomeController#index as HTML
  Rendering welcome/index.html.erb within layouts/application
  Rendered welcome/index.html.erb within layouts/application (0.2ms)
Completed 500 Internal Server Error in 7ms


  
ActionView::Template::Error (Invalid CSS after "  color": expected ";", was ": #ffffff"):
     5:     <%= csrf_meta_tags %>
     6: 
     7:     <meta name="viewport" content="width=device-width, initial-scale=1">
     8:     <%= stylesheet_link_tag    'application', media: 'all', 'data-turbolinks-track': 'reload' %>
     9:     <%= javascript_include_tag 'application', 'data-turbolinks-track': 'reload' %>
    10:   </head>
    11: 
  
app/assets/stylesheets/application.scss:23
app/views/layouts/application.html.erb:8:in `_app_views_layouts_application_html_erb___4041047962800818287_69918503599720'
Started GET "/welcome/index" for 127.0.0.1 at 2018-06-26 16:45:33 -0400
Processing by WelcomeController#index as HTML
  Rendering welcome/index.html.erb within layouts/application
  Rendered welcome/index.html.erb within layouts/application (0.2ms)
Completed 500 Internal Server Error in 6ms


  
ActionView::Template::Error (Invalid CSS after "  color": expected ";", was ": #ffffff"):
     5:     <%= csrf_meta_tags %>
     6: 
     7:     <meta name="viewport" content="width=device-width, initial-scale=1">
     8:     <%= stylesheet_link_tag    'application', media: 'all', 'data-turbolinks-track': 'reload' %>
     9:     <%= javascript_include_tag 'application', 'data-turbolinks-track': 'reload' %>
    10:   </head>
    11: 
  
app/assets/stylesheets/application.scss:23
app/views/layouts/application.html.erb:8:in `_app_views_layouts_application_html_erb___4041047962800818287_69918503081880'
Started GET "/welcome/index" for 127.0.0.1 at 2018-06-26 16:45:49 -0400
Processing by WelcomeController#index as HTML
  Rendering welcome/index.html.erb within layouts/application
  Rendered welcome/index.html.erb within layouts/application (0.2ms)
Completed 200 OK in 856ms (Views: 855.3ms)


Started GET "/welcome/index" for 127.0.0.1 at 2018-06-26 16:45:55 -0400
Processing by WelcomeController#index as HTML
  Rendering welcome/index.html.erb within layouts/application
  Rendered welcome/index.html.erb within layouts/application (0.2ms)
Completed 200 OK in 24ms (Views: 23.3ms)


Started GET "/welcome/index" for 127.0.0.1 at 2018-06-26 16:46:19 -0400
Processing by WelcomeController#index as HTML
  Rendering welcome/index.html.erb within layouts/application
  Rendered welcome/index.html.erb within layouts/application (0.2ms)
Completed 200 OK in 771ms (Views: 770.0ms)


Started GET "/welcome/index" for 127.0.0.1 at 2018-06-26 16:48:10 -0400
Processing by WelcomeController#index as HTML
  Rendering welcome/index.html.erb within layouts/application
  Rendered welcome/index.html.erb within layouts/application (0.2ms)
Completed 200 OK in 759ms (Views: 758.7ms)


Started GET "/welcome/index" for 127.0.0.1 at 2018-06-26 16:48:12 -0400
Processing by WelcomeController#index as HTML
  Rendering welcome/index.html.erb within layouts/application
  Rendered welcome/index.html.erb within layouts/application (0.2ms)
Completed 200 OK in 14ms (Views: 12.6ms)


Started GET "/welcome/index" for 127.0.0.1 at 2018-06-26 16:48:24 -0400
Processing by WelcomeController#index as HTML
  Rendering welcome/index.html.erb within layouts/application
  Rendered welcome/index.html.erb within layouts/application (0.2ms)
Completed 200 OK in 755ms (Views: 754.2ms)


Started GET "/welcome/index" for 127.0.0.1 at 2018-06-26 16:48:39 -0400
Processing by WelcomeController#index as HTML
  Rendering welcome/index.html.erb within layouts/application
  Rendered welcome/index.html.erb within layouts/application (0.3ms)
Completed 200 OK in 811ms (Views: 810.5ms)


Started GET "/welcome/index" for 127.0.0.1 at 2018-06-26 16:49:48 -0400
Processing by WelcomeController#index as HTML
  Rendering welcome/index.html.erb within layouts/application
  Rendered welcome/index.html.erb within layouts/application (0.3ms)
Completed 200 OK in 15ms (Views: 14.4ms)


Started GET "/welcome/index" for 127.0.0.1 at 2018-06-26 16:52:27 -0400
Processing by WelcomeController#index as HTML
  Rendering welcome/index.html.erb within layouts/application
  Rendered welcome/index.html.erb within layouts/application (0.2ms)
Completed 500 Internal Server Error in 3ms


  
SyntaxError (/home/david/Bloc/blocmetrics/app/views/layouts/application.html.erb:21: syntax error, unexpected ',', expecting &. or :: or '[' or '.'
...ffer.append=( link_to, "About", welcome_about_path, class:"n...
...                              ^):
  
app/views/layouts/application.html.erb:21: syntax error, unexpected ',', expecting &. or :: or '[' or '.'
Started GET "/welcome/index" for 127.0.0.1 at 2018-06-26 16:52:54 -0400
Processing by WelcomeController#index as HTML
  Rendering welcome/index.html.erb within layouts/application
  Rendered welcome/index.html.erb within layouts/application (0.2ms)
Completed 500 Internal Server Error in 3ms


  
SyntaxError (/home/david/Bloc/blocmetrics/app/views/layouts/application.html.erb:21: syntax error, unexpected tIDENTIFIER, expecting &. or :: or '[' or '.'
..._to, "About" welcome_about_path, class:"nav-item nav-link ac...
...             ^~~~~~~~~~~~~~~~~~):
  
app/views/layouts/application.html.erb:21: syntax error, unexpected tIDENTIFIER, expecting &. or :: or '[' or '.'
Started GET "/welcome/index" for 127.0.0.1 at 2018-06-26 16:53:28 -0400
Processing by WelcomeController#index as HTML
  Rendering welcome/index.html.erb within layouts/application
  Rendered welcome/index.html.erb within layouts/application (0.3ms)
Completed 200 OK in 19ms (Views: 18.1ms)


Started GET "/welcome/index" for 127.0.0.1 at 2018-06-26 16:53:56 -0400
Processing by WelcomeController#index as HTML
  Rendering welcome/index.html.erb within layouts/application
  Rendered welcome/index.html.erb within layouts/application (0.3ms)
Completed 200 OK in 17ms (Views: 15.1ms)


Started GET "/welcome/index" for 127.0.0.1 at 2018-06-26 16:56:40 -0400
Processing by WelcomeController#index as HTML
  Rendering welcome/index.html.erb within layouts/application
  Rendered welcome/index.html.erb within layouts/application (0.2ms)
Completed 500 Internal Server Error in 6ms


  
ActionView::Template::Error (Invalid CSS after "...-sm|-md|-lg|-xl": expected "{", was "} "):
     5:     <%= csrf_meta_tags %>
     6: 
     7:     <meta name="viewport" content="width=device-width, initial-scale=1">
     8:     <%= stylesheet_link_tag    'application', media: 'all', 'data-turbolinks-track': 'reload' %>
     9:     <%= javascript_include_tag 'application', 'data-turbolinks-track': 'reload' %>
    10:   </head>
    11: 
  
app/assets/stylesheets/application.scss:30
app/views/layouts/application.html.erb:8:in `_app_views_layouts_application_html_erb___4041047962800818287_69918502154940'
Started GET "/welcome/index" for 127.0.0.1 at 2018-06-26 16:56:52 -0400
Processing by WelcomeController#index as HTML
  Rendering welcome/index.html.erb within layouts/application
  Rendered welcome/index.html.erb within layouts/application (0.2ms)
Completed 500 Internal Server Error in 7ms


  
ActionView::Template::Error (Invalid CSS after "...-sm|-md|-lg|-xl": expected "{", was "}"):
     5:     <%= csrf_meta_tags %>
     6: 
     7:     <meta name="viewport" content="width=device-width, initial-scale=1">
     8:     <%= stylesheet_link_tag    'application', media: 'all', 'data-turbolinks-track': 'reload' %>
     9:     <%= javascript_include_tag 'application', 'data-turbolinks-track': 'reload' %>
    10:   </head>
    11: 
  
app/assets/stylesheets/application.scss:25
app/views/layouts/application.html.erb:8:in `_app_views_layouts_application_html_erb___4041047962800818287_69918501381020'
Started GET "/welcome/index" for 127.0.0.1 at 2018-06-26 16:57:13 -0400
Processing by WelcomeController#index as HTML
  Rendering welcome/index.html.erb within layouts/application
  Rendered welcome/index.html.erb within layouts/application (0.3ms)
Completed 200 OK in 853ms (Views: 852.0ms)


Started GET "/welcome/index" for 127.0.0.1 at 2018-06-26 16:58:31 -0400
Processing by WelcomeController#index as HTML
  Rendering welcome/index.html.erb within layouts/application
  Rendered welcome/index.html.erb within layouts/application (0.2ms)
Completed 200 OK in 769ms (Views: 768.4ms)


Started GET "/welcome/index" for 127.0.0.1 at 2018-06-26 17:00:57 -0400
Processing by WelcomeController#index as HTML
  Rendering welcome/index.html.erb within layouts/application
  Rendered welcome/index.html.erb within layouts/application (0.3ms)
Completed 200 OK in 22ms (Views: 21.4ms)


Started GET "/welcome/index" for 127.0.0.1 at 2018-06-26 17:01:16 -0400
Processing by WelcomeController#index as HTML
  Rendering welcome/index.html.erb within layouts/application
  Rendered welcome/index.html.erb within layouts/application (0.3ms)
Completed 200 OK in 23ms (Views: 22.7ms)


Started GET "/welcome/index" for 127.0.0.1 at 2018-06-26 17:02:53 -0400
Processing by WelcomeController#index as HTML
  Rendering welcome/index.html.erb within layouts/application
  Rendered welcome/index.html.erb within layouts/application (0.3ms)
Completed 200 OK in 20ms (Views: 19.5ms)


Started GET "/welcome/index" for 127.0.0.1 at 2018-06-26 17:02:55 -0400
Processing by WelcomeController#index as HTML
  Rendering welcome/index.html.erb within layouts/application
  Rendered welcome/index.html.erb within layouts/application (0.4ms)
Completed 200 OK in 21ms (Views: 19.6ms)


Started GET "/welcome/index" for 127.0.0.1 at 2018-06-26 17:03:25 -0400
Processing by WelcomeController#index as HTML
  Rendering welcome/index.html.erb within layouts/application
  Rendered welcome/index.html.erb within layouts/application (0.3ms)
Completed 200 OK in 763ms (Views: 762.7ms)


Started GET "/welcome/index" for 127.0.0.1 at 2018-06-26 17:05:42 -0400
Processing by WelcomeController#index as HTML
  Rendering welcome/index.html.erb within layouts/application
  Rendered welcome/index.html.erb within layouts/application (0.2ms)
Completed 200 OK in 15ms (Views: 14.4ms)


Started GET "/welcome/index" for 127.0.0.1 at 2018-06-26 17:05:56 -0400
Processing by WelcomeController#index as HTML
  Rendering welcome/index.html.erb within layouts/application
  Rendered welcome/index.html.erb within layouts/application (0.3ms)
Completed 200 OK in 16ms (Views: 15.3ms)


Started GET "/welcome/index" for 127.0.0.1 at 2018-06-26 17:07:22 -0400
Processing by WelcomeController#index as HTML
  Rendering welcome/index.html.erb within layouts/application
  Rendered welcome/index.html.erb within layouts/application (0.3ms)
Completed 200 OK in 18ms (Views: 16.0ms)


Started GET "/welcome/index" for 127.0.0.1 at 2018-06-26 17:08:58 -0400
Processing by WelcomeController#index as HTML
  Rendering welcome/index.html.erb within layouts/application
  Rendered welcome/index.html.erb within layouts/application (0.3ms)
Completed 200 OK in 14ms (Views: 13.2ms)


Started GET "/welcome/index" for 127.0.0.1 at 2018-06-26 17:09:40 -0400
Processing by WelcomeController#index as HTML
  Rendering welcome/index.html.erb within layouts/application
  Rendered welcome/index.html.erb within layouts/application (0.2ms)
Completed 200 OK in 861ms (Views: 860.3ms)


Started GET "/welcome/index" for 127.0.0.1 at 2018-06-26 17:10:08 -0400
Processing by WelcomeController#index as HTML
  Rendering welcome/index.html.erb within layouts/application
  Rendered welcome/index.html.erb within layouts/application (0.3ms)
Completed 200 OK in 720ms (Views: 719.3ms)


Started GET "/welcome/index" for 127.0.0.1 at 2018-06-26 17:26:20 -0400
Processing by WelcomeController#index as HTML
  Rendering welcome/index.html.erb within layouts/application
  Rendered welcome/index.html.erb within layouts/application (0.2ms)
Completed 200 OK in 11ms (Views: 10.9ms)


Started GET "/welcome/index" for 127.0.0.1 at 2018-06-26 17:26:48 -0400
Processing by WelcomeController#index as HTML
  Rendering welcome/index.html.erb within layouts/application
  Rendered welcome/index.html.erb within layouts/application (0.3ms)
Completed 200 OK in 14ms (Views: 13.0ms)


Started GET "/welcome/index" for 127.0.0.1 at 2018-06-26 17:27:21 -0400
Processing by WelcomeController#index as HTML
  Rendering welcome/index.html.erb within layouts/application
  Rendered welcome/index.html.erb within layouts/application (0.2ms)
Completed 200 OK in 13ms (Views: 11.9ms)


Started GET "/welcome/index" for 127.0.0.1 at 2018-06-26 17:29:01 -0400
Processing by WelcomeController#index as HTML
  Rendering welcome/index.html.erb within layouts/application
  Rendered welcome/index.html.erb within layouts/application (0.2ms)
Completed 200 OK in 28ms (Views: 27.0ms)


Started GET "/welcome/index" for 127.0.0.1 at 2018-06-26 17:29:10 -0400
Processing by WelcomeController#index as HTML
  Rendering welcome/index.html.erb within layouts/application
  Rendered welcome/index.html.erb within layouts/application (0.3ms)
Completed 200 OK in 17ms (Views: 16.6ms)


Started GET "/welcome/index" for 127.0.0.1 at 2018-06-26 17:31:58 -0400
Processing by WelcomeController#index as HTML
  Rendering welcome/index.html.erb within layouts/application
  Rendered welcome/index.html.erb within layouts/application (0.2ms)
Completed 200 OK in 17ms (Views: 16.1ms)


Started GET "/welcome/index" for 127.0.0.1 at 2018-06-26 17:32:32 -0400
Processing by WelcomeController#index as HTML
  Rendering welcome/index.html.erb within layouts/application
  Rendered welcome/index.html.erb within layouts/application (0.2ms)
Completed 200 OK in 15ms (Views: 14.2ms)


Started GET "/welcome/index" for 127.0.0.1 at 2018-06-26 17:33:59 -0400
Processing by WelcomeController#index as HTML
  Rendering welcome/index.html.erb within layouts/application
  Rendered welcome/index.html.erb within layouts/application (0.2ms)
Completed 200 OK in 18ms (Views: 16.3ms)


  [1m[35m (0.1ms)[0m  [1m[34mSELECT sqlite_version(*)[0m
  [1m[35m (5.4ms)[0m  [1m[35mCREATE TABLE "schema_migrations" ("version" varchar NOT NULL PRIMARY KEY)[0m
  [1m[35m (3.9ms)[0m  [1m[35mCREATE TABLE "ar_internal_metadata" ("key" varchar NOT NULL PRIMARY KEY, "value" varchar, "created_at" datetime NOT NULL, "updated_at" datetime NOT NULL)[0m
  [1m[35m (0.1ms)[0m  [1m[34mSELECT "schema_migrations"."version" FROM "schema_migrations" ORDER BY "schema_migrations"."version" ASC[0m
Migrating to DeviseCreateUsers (20180626214803)
  [1m[35m (0.1ms)[0m  [1m[36mbegin transaction[0m
  [1m[35m (0.6ms)[0m  [1m[35mCREATE TABLE "users" ("id" INTEGER PRIMARY KEY AUTOINCREMENT NOT NULL, "email" varchar DEFAULT '' NOT NULL, "encrypted_password" varchar DEFAULT '' NOT NULL, "reset_password_token" varchar, "reset_password_sent_at" datetime, "remember_created_at" datetime, "sign_in_count" integer DEFAULT 0 NOT NULL, "current_sign_in_at" datetime, "last_sign_in_at" datetime, "current_sign_in_ip" varchar, "last_sign_in_ip" varchar, "confirmation_token" varchar, "confirmed_at" datetime, "confirmation_sent_at" datetime, "unconfirmed_email" varchar, "created_at" datetime NOT NULL, "updated_at" datetime NOT NULL)[0m
  [1m[35m (0.3ms)[0m  [1m[35mCREATE UNIQUE INDEX "index_users_on_email" ON "users" ("email")[0m
  [1m[35m (0.1ms)[0m  [1m[34m            SELECT sql
            FROM sqlite_master
            WHERE name='index_users_on_email' AND type='index'
            UNION ALL
            SELECT sql
            FROM sqlite_temp_master
            WHERE name='index_users_on_email' AND type='index'
[0m
  [1m[35m (0.1ms)[0m  [1m[35mCREATE UNIQUE INDEX "index_users_on_reset_password_token" ON "users" ("reset_password_token")[0m
  [1m[35m (0.1ms)[0m  [1m[34m            SELECT sql
            FROM sqlite_master
            WHERE name='index_users_on_reset_password_token' AND type='index'
            UNION ALL
            SELECT sql
            FROM sqlite_temp_master
            WHERE name='index_users_on_reset_password_token' AND type='index'
[0m
  [1m[35m (0.0ms)[0m  [1m[34m            SELECT sql
            FROM sqlite_master
            WHERE name='index_users_on_email' AND type='index'
            UNION ALL
            SELECT sql
            FROM sqlite_temp_master
            WHERE name='index_users_on_email' AND type='index'
[0m
  [1m[35m (0.1ms)[0m  [1m[35mCREATE UNIQUE INDEX "index_users_on_confirmation_token" ON "users" ("confirmation_token")[0m
  [1m[35mSQL (0.1ms)[0m  [1m[32mINSERT INTO "schema_migrations" ("version") VALUES (?)[0m  [["version", "20180626214803"]]
  [1m[35m (2.2ms)[0m  [1m[36mcommit transaction[0m
  [1m[36mActiveRecord::InternalMetadata Load (0.2ms)[0m  [1m[34mSELECT  "ar_internal_metadata".* FROM "ar_internal_metadata" WHERE "ar_internal_metadata"."key" = ? LIMIT ?[0m  [["key", "environment"], ["LIMIT", 1]]
  [1m[35m (0.0ms)[0m  [1m[36mbegin transaction[0m
  [1m[35mSQL (0.6ms)[0m  [1m[32mINSERT INTO "ar_internal_metadata" ("key", "value", "created_at", "updated_at") VALUES (?, ?, ?, ?)[0m  [["key", "environment"], ["value", "development"], ["created_at", "2018-06-26 21:50:17.847167"], ["updated_at", "2018-06-26 21:50:17.847167"]]
  [1m[35m (1.7ms)[0m  [1m[36mcommit transaction[0m
  [1m[35m (0.1ms)[0m  [1m[34mSELECT "schema_migrations"."version" FROM "schema_migrations" ORDER BY "schema_migrations"."version" ASC[0m
  [1m[35m (0.1ms)[0m  [1m[34m            SELECT sql
            FROM sqlite_master
            WHERE name='index_users_on_confirmation_token' AND type='index'
            UNION ALL
            SELECT sql
            FROM sqlite_temp_master
            WHERE name='index_users_on_confirmation_token' AND type='index'
[0m
  [1m[35m (0.1ms)[0m  [1m[34m            SELECT sql
            FROM sqlite_master
            WHERE name='index_users_on_reset_password_token' AND type='index'
            UNION ALL
            SELECT sql
            FROM sqlite_temp_master
            WHERE name='index_users_on_reset_password_token' AND type='index'
[0m
  [1m[35m (0.1ms)[0m  [1m[34m            SELECT sql
            FROM sqlite_master
            WHERE name='index_users_on_email' AND type='index'
            UNION ALL
            SELECT sql
            FROM sqlite_temp_master
            WHERE name='index_users_on_email' AND type='index'
[0m
Started GET "/welcome/index" for 127.0.0.1 at 2018-06-26 18:56:44 -0400
  
NoMethodError (undefined method `devise_for' for #<ActionDispatch::Routing::Mapper:0x00007f2e57216ec0>):
  
config/routes.rb:2:in `block in <top (required)>'
config/routes.rb:1:in `<top (required)>'
Started GET "/welcome/index" for 127.0.0.1 at 2018-06-26 18:58:08 -0400
  
NoMethodError (undefined method `devise_for' for #<ActionDispatch::Routing::Mapper:0x00007f2e57f83680>):
  
config/routes.rb:2:in `block in <top (required)>'
config/routes.rb:1:in `<top (required)>'
Started GET "/welcome/index" for 127.0.0.1 at 2018-06-26 18:59:56 -0400
  [1m[35m (0.1ms)[0m  [1m[34mSELECT "schema_migrations"."version" FROM "schema_migrations" ORDER BY "schema_migrations"."version" ASC[0m
  
ActionController::RoutingError (No route matches [GET] "/welcome/index"):
  
actionpack (5.1.6) lib/action_dispatch/middleware/debug_exceptions.rb:63:in `call'
web-console (2.3.0) lib/web_console/middleware.rb:28:in `block in call'
web-console (2.3.0) lib/web_console/middleware.rb:18:in `catch'
web-console (2.3.0) lib/web_console/middleware.rb:18:in `call'
actionpack (5.1.6) lib/action_dispatch/middleware/show_exceptions.rb:31:in `call'
railties (5.1.6) lib/rails/rack/logger.rb:36:in `call_app'
railties (5.1.6) lib/rails/rack/logger.rb:24:in `block in call'
activesupport (5.1.6) lib/active_support/tagged_logging.rb:69:in `block in tagged'
activesupport (5.1.6) lib/active_support/tagged_logging.rb:26:in `tagged'
activesupport (5.1.6) lib/active_support/tagged_logging.rb:69:in `tagged'
railties (5.1.6) lib/rails/rack/logger.rb:24:in `call'
sprockets-rails (3.2.1) lib/sprockets/rails/quiet_assets.rb:13:in `call'
actionpack (5.1.6) lib/action_dispatch/middleware/remote_ip.rb:79:in `call'
actionpack (5.1.6) lib/action_dispatch/middleware/request_id.rb:25:in `call'
rack (2.0.5) lib/rack/method_override.rb:22:in `call'
rack (2.0.5) lib/rack/runtime.rb:22:in `call'
activesupport (5.1.6) lib/active_support/cache/strategy/local_cache_middleware.rb:27:in `call'
actionpack (5.1.6) lib/action_dispatch/middleware/executor.rb:12:in `call'
actionpack (5.1.6) lib/action_dispatch/middleware/static.rb:125:in `call'
rack (2.0.5) lib/rack/sendfile.rb:111:in `call'
railties (5.1.6) lib/rails/engine.rb:522:in `call'
puma (3.11.4) lib/puma/configuration.rb:225:in `call'
puma (3.11.4) lib/puma/server.rb:632:in `handle_request'
puma (3.11.4) lib/puma/server.rb:446:in `process_client'
puma (3.11.4) lib/puma/server.rb:306:in `block in run'
puma (3.11.4) lib/puma/thread_pool.rb:120:in `block in spawn_thread'
Started GET "/" for 127.0.0.1 at 2018-06-26 19:00:02 -0400
Processing by WelcomeController#index as HTML
  Rendering welcome/index.html.erb within layouts/application
  Rendered welcome/index.html.erb within layouts/application (0.2ms)
Completed 500 Internal Server Error in 334ms (ActiveRecord: 0.0ms)


  
ActionView::Template::Error (undefined local variable or method `welcome_index_path' for #<#<Class:0x0000561e7f0af390>:0x0000561e7f0ac370>
Did you mean?  welcome_about_path):
    16:             <%= link_to "About", welcome_about_path, class:"nav-link" %>
    17:           </li>
    18:           <li class="pull-right" >
    19:             <%= link_to "Blocmetrics", welcome_index_path, class: "nav-link" %>
    20:           </li>
    21:           <% if user_signed_in? %>
    22:             <li class="nav-item">
  
app/views/layouts/application.html.erb:19:in `_app_views_layouts_application_html_erb__3657656446286835187_47344490059600'
Started GET "/" for 127.0.0.1 at 2018-06-26 19:00:22 -0400
Processing by WelcomeController#index as HTML
  Rendering welcome/index.html.erb within layouts/application
  Rendered welcome/index.html.erb within layouts/application (0.2ms)
Completed 200 OK in 24ms (Views: 23.3ms)


Started GET "/users/sign_in" for 127.0.0.1 at 2018-06-26 19:00:25 -0400
Processing by Devise::SessionsController#new as HTML
  Rendering devise/sessions/new.html.erb within layouts/application
  Rendered devise/shared/_links.html.erb (0.9ms)
  Rendered devise/sessions/new.html.erb within layouts/application (9.7ms)
Completed 200 OK in 35ms (Views: 23.1ms | ActiveRecord: 0.7ms)


Started GET "/users/sign_up" for 127.0.0.1 at 2018-06-26 19:00:27 -0400
Processing by Devise::RegistrationsController#new as HTML
  Rendering devise/registrations/new.html.erb within layouts/application
  Rendered devise/shared/_links.html.erb (0.7ms)
  Rendered devise/registrations/new.html.erb within layouts/application (2.5ms)
Completed 200 OK in 18ms (Views: 17.4ms | ActiveRecord: 0.0ms)


Started GET "/users/sign_in" for 127.0.0.1 at 2018-06-26 19:00:27 -0400
Processing by Devise::SessionsController#new as HTML
  Rendering devise/sessions/new.html.erb within layouts/application
  Rendered devise/shared/_links.html.erb (1.0ms)
  Rendered devise/sessions/new.html.erb within layouts/application (3.7ms)
Completed 200 OK in 26ms (Views: 24.7ms | ActiveRecord: 0.0ms)


Started GET "/welcome/index" for 127.0.0.1 at 2018-06-26 19:00:38 -0400
Processing by WelcomeController#index as HTML
  Rendering welcome/index.html.erb within layouts/application
  Rendered welcome/index.html.erb within layouts/application (0.3ms)
Completed 200 OK in 19ms (Views: 17.7ms | ActiveRecord: 0.0ms)


Started GET "/welcome/about" for 127.0.0.1 at 2018-06-26 19:00:39 -0400
Processing by WelcomeController#about as HTML
  Rendering welcome/about.html.erb within layouts/application
  Rendered welcome/about.html.erb within layouts/application (0.3ms)
Completed 200 OK in 15ms (Views: 14.5ms | ActiveRecord: 0.0ms)


Started GET "/welcome/index" for 127.0.0.1 at 2018-06-26 19:00:40 -0400
Processing by WelcomeController#index as HTML
  Rendering welcome/index.html.erb within layouts/application
  Rendered welcome/index.html.erb within layouts/application (0.3ms)
Completed 200 OK in 17ms (Views: 16.7ms | ActiveRecord: 0.0ms)


Started GET "/users/sign_in" for 127.0.0.1 at 2018-06-26 19:00:41 -0400
Processing by Devise::SessionsController#new as HTML
  Rendering devise/sessions/new.html.erb within layouts/application
  Rendered devise/shared/_links.html.erb (0.7ms)
  Rendered devise/sessions/new.html.erb within layouts/application (2.8ms)
Completed 200 OK in 23ms (Views: 21.7ms | ActiveRecord: 0.0ms)


Started GET "/users/sign_up" for 127.0.0.1 at 2018-06-26 19:00:41 -0400
Processing by Devise::RegistrationsController#new as HTML
  Rendering devise/registrations/new.html.erb within layouts/application
  Rendered devise/shared/_links.html.erb (0.7ms)
  Rendered devise/registrations/new.html.erb within layouts/application (2.8ms)
Completed 200 OK in 19ms (Views: 17.8ms | ActiveRecord: 0.0ms)


Started GET "/users/sign_in" for 127.0.0.1 at 2018-06-26 19:00:42 -0400
Processing by Devise::SessionsController#new as HTML
  Rendering devise/sessions/new.html.erb within layouts/application
  Rendered devise/shared/_links.html.erb (0.7ms)
  Rendered devise/sessions/new.html.erb within layouts/application (2.7ms)
Completed 200 OK in 18ms (Views: 17.2ms | ActiveRecord: 0.0ms)


